<?xml version="1.0" encoding="UTF-8"?>
<!-- Generated by org.testng.reporters.JUnitReportReporter -->
<testsuite hostname="manish-PC" failures="0" tests="1" name="com.assessment.SeleniumTest.TC005" time="146.862" errors="0" timestamp="28 Apr 2020 14:30:31 GMT" skipped="0">
  <testcase classname="com.assessment.SeleniumTest.TC005" name="TestMethod" time="146.862"/>
</testsuite> <!-- com.assessment.SeleniumTest.TC005 -->
