<?xml version="1.0" encoding="UTF-8"?>
<!-- Generated by org.testng.reporters.JUnitReportReporter -->
<testsuite hostname="manish-PC" failures="0" tests="1" name="com.assessment.SeleniumTest.TestBase1" time="0.058" errors="0" timestamp="27 Apr 2020 14:10:02 GMT" skipped="0">
  <testcase classname="com.assessment.SeleniumTest.TestBase1" name="Test" time="0.058"/>
</testsuite> <!-- com.assessment.SeleniumTest.TestBase1 -->
