<?xml version="1.0" encoding="UTF-8"?>
<!-- Generated by org.testng.reporters.JUnitReportReporter -->
<testsuite hostname="manish-PC" failures="0" tests="1" name="com.assessment.SeleniumTest.Assignment2" time="114.041" errors="0" timestamp="28 Apr 2020 19:14:12 GMT" skipped="0">
  <testcase classname="com.assessment.SeleniumTest.Assignment2" name="TestMethod" time="114.041"/>
</testsuite> <!-- com.assessment.SeleniumTest.Assignment2 -->
