<?xml version="1.0" encoding="UTF-8"?>
<!-- Generated by org.testng.reporters.JUnitReportReporter -->
<testsuite hostname="manish-PC" failures="0" tests="1" name="com.assessment.SeleniumTest.TC004" time="42.960" errors="0" timestamp="28 Apr 2020 22:45:24 GMT" skipped="0">
  <testcase classname="com.assessment.SeleniumTest.TC004" name="TestMethod" time="42.960"/>
</testsuite> <!-- com.assessment.SeleniumTest.TC004 -->
