<?xml version="1.0" encoding="UTF-8"?>
<!-- Generated by org.testng.reporters.JUnitReportReporter -->
<testsuite hostname="manish-PC" failures="0" tests="1" name="com.assessment.SeleniumTest.A3_TC001" time="147.903" errors="0" timestamp="29 Apr 2020 19:12:30 GMT" skipped="0">
  <testcase classname="com.assessment.SeleniumTest.A3_TC001" name="TestMethod" time="147.903"/>
</testsuite> <!-- com.assessment.SeleniumTest.A3_TC001 -->
