<?xml version="1.0" encoding="UTF-8"?>
<!-- Generated by org.testng.reporters.JUnitReportReporter -->
<testsuite hostname="manish-PC" failures="0" tests="2" name="com.assessment.SeleniumTest.TC002" time="100.898" errors="0" timestamp="27 Apr 2020 14:16:39 GMT" skipped="0">
  <testcase classname="com.assessment.SeleniumTest.TC002" name="TestMethod" time="100.890"/>
  <testcase classname="com.assessment.SeleniumTest.TC002" name="Test" time="0.008"/>
</testsuite> <!-- com.assessment.SeleniumTest.TC002 -->
